06/18/2017 12:17:14 PM - DEBUG - (5)(datasets/mnist/data/5/10894.png)
06/18/2017 12:17:14 PM - DEBUG - STREAM 'IHDR' 16 13
06/18/2017 12:17:14 PM - DEBUG - STREAM 'IDAT' 41 171
06/18/2017 12:17:14 PM - DEBUG - original size: (28, 28)
06/18/2017 12:17:14 PM - DEBUG - Crop image if required
06/18/2017 12:17:14 PM - DEBUG - left: 0
06/18/2017 12:17:14 PM - DEBUG - upper: 0
06/18/2017 12:17:14 PM - DEBUG - right: 28
06/18/2017 12:17:14 PM - DEBUG - lower: 28
06/18/2017 12:17:14 PM - DEBUG - new size: (28, 28)
06/18/2017 12:17:14 PM - DEBUG - new size: (28, 28)
06/18/2017 12:17:14 PM - INFO - nb_classes: (10)
06/18/2017 12:17:14 PM - INFO - batch_size: (100)
06/18/2017 12:17:14 PM - INFO - input_shape: (784)
06/18/2017 12:17:14 PM - INFO - Generation average: 0.00%
06/18/2017 12:17:14 PM - INFO - --------------------------------------------------------------------------------
06/18/2017 12:17:14 PM - INFO - --------------------------------------------------------------------------------
06/18/2017 12:17:14 PM - INFO - {'optimizer': 'adagrad', 'activation': 'elu', 'nb_layers': 13, 'nb_neurons': 34}
06/18/2017 12:17:14 PM - INFO - Network accuracy: 0.00%
06/18/2017 12:18:49 PM - DEBUG - (2)(datasets/mnist/data/2/43122.png)
06/18/2017 12:18:49 PM - DEBUG - STREAM 'IHDR' 16 13
06/18/2017 12:18:49 PM - DEBUG - STREAM 'IDAT' 41 197
06/18/2017 12:18:49 PM - DEBUG - original size: (28, 28)
06/18/2017 12:18:49 PM - DEBUG - Crop image if required
06/18/2017 12:18:49 PM - DEBUG - left: 0
06/18/2017 12:18:49 PM - DEBUG - upper: 0
06/18/2017 12:18:49 PM - DEBUG - right: 28
06/18/2017 12:18:49 PM - DEBUG - lower: 28
06/18/2017 12:18:49 PM - DEBUG - new size: (28, 28)
06/18/2017 12:18:49 PM - DEBUG - new size: (28, 28)
06/18/2017 12:18:49 PM - INFO - nb_classes: (10)
06/18/2017 12:18:49 PM - INFO - batch_size: (100)
06/18/2017 12:18:49 PM - INFO - input_shape: (784)
06/18/2017 12:18:49 PM - INFO - Generation average: 0.00%
06/18/2017 12:18:49 PM - INFO - --------------------------------------------------------------------------------
06/18/2017 12:18:49 PM - INFO - --------------------------------------------------------------------------------
06/18/2017 12:18:49 PM - INFO - {'optimizer': 'adagrad', 'activation': 'elu', 'nb_layers': 13, 'nb_neurons': 34}
06/18/2017 12:18:49 PM - INFO - Network accuracy: 0.00%
06/18/2017 12:22:02 PM - DEBUG - (0)(datasets/mnist/data/0/48403.png)
06/18/2017 12:22:02 PM - DEBUG - STREAM 'IHDR' 16 13
06/18/2017 12:22:02 PM - DEBUG - STREAM 'IDAT' 41 265
06/18/2017 12:22:02 PM - DEBUG - original size: (28, 28)
06/18/2017 12:22:02 PM - DEBUG - Crop image if required
06/18/2017 12:22:02 PM - DEBUG - left: 0
06/18/2017 12:22:02 PM - DEBUG - upper: 0
06/18/2017 12:22:02 PM - DEBUG - right: 28
06/18/2017 12:22:02 PM - DEBUG - lower: 28
06/18/2017 12:22:02 PM - DEBUG - new size: (28, 28)
06/18/2017 12:22:02 PM - DEBUG - new size: (28, 28)
06/18/2017 12:22:02 PM - INFO - nb_classes: (10)
06/18/2017 12:22:02 PM - INFO - batch_size: (1)
06/18/2017 12:22:02 PM - INFO - input_shape: (784)
06/18/2017 12:22:02 PM - INFO - Generation average: 100.00%
06/18/2017 12:22:02 PM - INFO - --------------------------------------------------------------------------------
06/18/2017 12:22:02 PM - INFO - --------------------------------------------------------------------------------
06/18/2017 12:22:02 PM - INFO - {'optimizer': 'adagrad', 'activation': 'elu', 'nb_layers': 13, 'nb_neurons': 34}
06/18/2017 12:22:02 PM - INFO - Network accuracy: 100.00%
06/18/2017 12:22:19 PM - DEBUG - (0)(datasets/mnist/data/0/33536.png)
06/18/2017 12:22:19 PM - DEBUG - STREAM 'IHDR' 16 13
06/18/2017 12:22:19 PM - DEBUG - STREAM 'IDAT' 41 261
06/18/2017 12:22:19 PM - DEBUG - original size: (28, 28)
06/18/2017 12:22:19 PM - DEBUG - Crop image if required
06/18/2017 12:22:19 PM - DEBUG - left: 0
06/18/2017 12:22:19 PM - DEBUG - upper: 0
06/18/2017 12:22:19 PM - DEBUG - right: 28
06/18/2017 12:22:19 PM - DEBUG - lower: 28
06/18/2017 12:22:19 PM - DEBUG - new size: (28, 28)
06/18/2017 12:22:19 PM - DEBUG - new size: (28, 28)
06/18/2017 12:22:19 PM - INFO - nb_classes: (10)
06/18/2017 12:22:19 PM - INFO - batch_size: (1)
06/18/2017 12:22:19 PM - INFO - input_shape: (784)
06/18/2017 12:22:19 PM - INFO - Generation average: 100.00%
06/18/2017 12:22:19 PM - INFO - --------------------------------------------------------------------------------
06/18/2017 12:22:19 PM - INFO - --------------------------------------------------------------------------------
06/18/2017 12:22:19 PM - INFO - {'optimizer': 'adagrad', 'activation': 'elu', 'nb_layers': 13, 'nb_neurons': 34}
06/18/2017 12:22:19 PM - INFO - Network accuracy: 100.00%
06/18/2017 12:22:26 PM - DEBUG - (1)(datasets/mnist/data/1/53321.png)
06/18/2017 12:22:26 PM - DEBUG - STREAM 'IHDR' 16 13
06/18/2017 12:22:26 PM - DEBUG - STREAM 'IDAT' 41 141
06/18/2017 12:22:26 PM - DEBUG - original size: (28, 28)
06/18/2017 12:22:26 PM - DEBUG - Crop image if required
06/18/2017 12:22:26 PM - DEBUG - left: 0
06/18/2017 12:22:26 PM - DEBUG - upper: 0
06/18/2017 12:22:26 PM - DEBUG - right: 28
06/18/2017 12:22:26 PM - DEBUG - lower: 28
06/18/2017 12:22:26 PM - DEBUG - new size: (28, 28)
06/18/2017 12:22:26 PM - DEBUG - new size: (28, 28)
06/18/2017 12:22:26 PM - INFO - nb_classes: (10)
06/18/2017 12:22:26 PM - INFO - batch_size: (1)
06/18/2017 12:22:26 PM - INFO - input_shape: (784)
06/18/2017 12:22:26 PM - INFO - Generation average: 0.00%
06/18/2017 12:22:26 PM - INFO - --------------------------------------------------------------------------------
06/18/2017 12:22:26 PM - INFO - --------------------------------------------------------------------------------
06/18/2017 12:22:26 PM - INFO - {'optimizer': 'adagrad', 'activation': 'elu', 'nb_layers': 13, 'nb_neurons': 34}
06/18/2017 12:22:26 PM - INFO - Network accuracy: 0.00%
06/18/2017 12:24:47 PM - DEBUG - (5)(datasets/mnist/data/5/22089.png)
06/18/2017 12:24:47 PM - DEBUG - STREAM 'IHDR' 16 13
06/18/2017 12:24:47 PM - DEBUG - STREAM 'IDAT' 41 243
06/18/2017 12:24:47 PM - DEBUG - original size: (28, 28)
06/18/2017 12:24:47 PM - DEBUG - Crop image if required
06/18/2017 12:24:47 PM - DEBUG - left: 0
06/18/2017 12:24:47 PM - DEBUG - upper: 0
06/18/2017 12:24:47 PM - DEBUG - right: 28
06/18/2017 12:24:47 PM - DEBUG - lower: 28
06/18/2017 12:24:47 PM - DEBUG - new size: (28, 28)
06/18/2017 12:24:47 PM - DEBUG - new size: (28, 28)
06/18/2017 12:24:47 PM - INFO - nb_classes: (10)
06/18/2017 12:24:47 PM - INFO - batch_size: (1)
06/18/2017 12:24:47 PM - INFO - input_shape: (784)
06/18/2017 12:24:47 PM - INFO - Generation average: 0.00%
06/18/2017 12:24:47 PM - INFO - --------------------------------------------------------------------------------
06/18/2017 12:24:54 PM - DEBUG - (9)(datasets/mnist/data/9/52510.png)
06/18/2017 12:24:54 PM - DEBUG - STREAM 'IHDR' 16 13
06/18/2017 12:24:54 PM - DEBUG - STREAM 'IDAT' 41 173
06/18/2017 12:24:54 PM - DEBUG - original size: (28, 28)
06/18/2017 12:24:54 PM - DEBUG - Crop image if required
06/18/2017 12:24:54 PM - DEBUG - left: 0
06/18/2017 12:24:54 PM - DEBUG - upper: 0
06/18/2017 12:24:54 PM - DEBUG - right: 28
06/18/2017 12:24:54 PM - DEBUG - lower: 28
06/18/2017 12:24:54 PM - DEBUG - new size: (28, 28)
06/18/2017 12:24:54 PM - DEBUG - new size: (28, 28)
06/18/2017 12:24:54 PM - INFO - nb_classes: (10)
06/18/2017 12:24:54 PM - INFO - batch_size: (1)
06/18/2017 12:24:54 PM - INFO - input_shape: (784)
06/18/2017 12:24:54 PM - INFO - Generation average: 0.00%
06/18/2017 12:24:54 PM - INFO - --------------------------------------------------------------------------------
06/18/2017 12:24:58 PM - DEBUG - (0)(datasets/mnist/data/0/57486.png)
06/18/2017 12:24:58 PM - DEBUG - STREAM 'IHDR' 16 13
06/18/2017 12:24:58 PM - DEBUG - STREAM 'IDAT' 41 250
06/18/2017 12:24:58 PM - DEBUG - original size: (28, 28)
06/18/2017 12:24:58 PM - DEBUG - Crop image if required
06/18/2017 12:24:58 PM - DEBUG - left: 0
06/18/2017 12:24:58 PM - DEBUG - upper: 0
06/18/2017 12:24:58 PM - DEBUG - right: 28
06/18/2017 12:24:58 PM - DEBUG - lower: 28
06/18/2017 12:24:58 PM - DEBUG - new size: (28, 28)
06/18/2017 12:24:58 PM - DEBUG - new size: (28, 28)
06/18/2017 12:24:58 PM - INFO - nb_classes: (10)
06/18/2017 12:24:58 PM - INFO - batch_size: (1)
06/18/2017 12:24:58 PM - INFO - input_shape: (784)
06/18/2017 12:24:59 PM - INFO - Generation average: 100.00%
06/18/2017 12:24:59 PM - INFO - --------------------------------------------------------------------------------
06/18/2017 12:25:37 PM - DEBUG - (8)(datasets/mnist/data/8/29082.png)
06/18/2017 12:25:37 PM - DEBUG - STREAM 'IHDR' 16 13
06/18/2017 12:25:37 PM - DEBUG - STREAM 'IDAT' 41 138
06/18/2017 12:25:37 PM - DEBUG - original size: (28, 28)
06/18/2017 12:25:37 PM - DEBUG - Crop image if required
06/18/2017 12:25:37 PM - DEBUG - left: 0
06/18/2017 12:25:37 PM - DEBUG - upper: 0
06/18/2017 12:25:37 PM - DEBUG - right: 28
06/18/2017 12:25:37 PM - DEBUG - lower: 28
06/18/2017 12:25:37 PM - DEBUG - new size: (28, 28)
06/18/2017 12:25:37 PM - DEBUG - new size: (28, 28)
06/18/2017 12:25:37 PM - INFO - nb_classes: (10)
06/18/2017 12:25:37 PM - INFO - batch_size: (1)
06/18/2017 12:25:37 PM - INFO - input_shape: (784)
06/18/2017 12:25:38 PM - INFO - Generation average: 0.00%
06/18/2017 12:25:38 PM - INFO - --------------------------------------------------------------------------------
06/18/2017 12:25:43 PM - DEBUG - (1)(datasets/mnist/data/1/50453.png)
06/18/2017 12:25:43 PM - DEBUG - STREAM 'IHDR' 16 13
06/18/2017 12:25:43 PM - DEBUG - STREAM 'IDAT' 41 131
06/18/2017 12:25:43 PM - DEBUG - original size: (28, 28)
06/18/2017 12:25:43 PM - DEBUG - Crop image if required
06/18/2017 12:25:43 PM - DEBUG - left: 0
06/18/2017 12:25:43 PM - DEBUG - upper: 0
06/18/2017 12:25:43 PM - DEBUG - right: 28
06/18/2017 12:25:43 PM - DEBUG - lower: 28
06/18/2017 12:25:43 PM - DEBUG - new size: (28, 28)
06/18/2017 12:25:43 PM - DEBUG - new size: (28, 28)
06/18/2017 12:25:43 PM - INFO - nb_classes: (10)
06/18/2017 12:25:43 PM - INFO - batch_size: (1)
06/18/2017 12:25:43 PM - INFO - input_shape: (784)
06/18/2017 12:25:43 PM - INFO - Generation average: 0.00%
06/18/2017 12:25:43 PM - INFO - --------------------------------------------------------------------------------
